\BOOKMARK [0][-]{chapter.1}{\376\377\0001\000\040\000D\000o\000c\000u\000m\000e\000n\000t\000a\000t\000i\000o\000n\000\040\000o\000f\000\040\000S\000u\000r\000a\000t\000r\000a\000m\000\040\000M\000i\000x\000e\000d\000R\000e\000a\000l\000i\000t\000y\000S\000i\000m\000u\000l\000a\000t\000o\000r\000.}{}% 1
\BOOKMARK [0][-]{chapter.2}{\376\377\0002\000\040\000H\000i\000e\000r\000a\000r\000c\000h\000i\000c\000a\000l\000\040\000I\000n\000d\000e\000x}{}% 2
\BOOKMARK [1][-]{section.2.1}{\376\377\0002\000.\0001\000\040\000C\000l\000a\000s\000s\000\040\000H\000i\000e\000r\000a\000r\000c\000h\000y}{chapter.2}% 3
\BOOKMARK [0][-]{chapter.3}{\376\377\0003\000\040\000C\000l\000a\000s\000s\000\040\000I\000n\000d\000e\000x}{}% 4
\BOOKMARK [1][-]{section.3.1}{\376\377\0003\000.\0001\000\040\000C\000l\000a\000s\000s\000\040\000L\000i\000s\000t}{chapter.3}% 5
\BOOKMARK [0][-]{chapter.4}{\376\377\0004\000\040\000F\000i\000l\000e\000\040\000I\000n\000d\000e\000x}{}% 6
\BOOKMARK [1][-]{section.4.1}{\376\377\0004\000.\0001\000\040\000F\000i\000l\000e\000\040\000L\000i\000s\000t}{chapter.4}% 7
\BOOKMARK [0][-]{chapter.5}{\376\377\0005\000\040\000C\000l\000a\000s\000s\000\040\000D\000o\000c\000u\000m\000e\000n\000t\000a\000t\000i\000o\000n}{}% 8
\BOOKMARK [1][-]{section.5.1}{\376\377\0005\000.\0001\000\040\000B\000e\000z\000i\000e\000r\000C\000u\000r\000v\000e\000\040\000C\000l\000a\000s\000s\000\040\000R\000e\000f\000e\000r\000e\000n\000c\000e}{chapter.5}% 9
\BOOKMARK [2][-]{subsection.5.1.1}{\376\377\0005\000.\0001\000.\0001\000\040\000M\000e\000m\000b\000e\000r\000\040\000F\000u\000n\000c\000t\000i\000o\000n\000\040\000D\000o\000c\000u\000m\000e\000n\000t\000a\000t\000i\000o\000n}{section.5.1}% 10
\BOOKMARK [3][-]{subsubsection.5.1.1.1}{\376\377\0005\000.\0001\000.\0001\000.\0001\000\040\000G\000e\000t\000D\000i\000r\000e\000c\000t\000i\000o\000n\000\050\000\051}{subsection.5.1.1}% 11
\BOOKMARK [3][-]{subsubsection.5.1.1.2}{\376\377\0005\000.\0001\000.\0001\000.\0002\000\040\000G\000e\000t\000P\000o\000i\000n\000t\000\050\000\051}{subsection.5.1.1}% 12
\BOOKMARK [3][-]{subsubsection.5.1.1.3}{\376\377\0005\000.\0001\000.\0001\000.\0003\000\040\000G\000e\000t\000V\000e\000l\000o\000c\000i\000t\000y\000\050\000\051}{subsection.5.1.1}% 13
\BOOKMARK [3][-]{subsubsection.5.1.1.4}{\376\377\0005\000.\0001\000.\0001\000.\0004\000\040\000R\000e\000s\000e\000t\000\050\000\051}{subsection.5.1.1}% 14
\BOOKMARK [2][-]{subsection.5.1.2}{\376\377\0005\000.\0001\000.\0002\000\040\000M\000e\000m\000b\000e\000r\000\040\000D\000a\000t\000a\000\040\000D\000o\000c\000u\000m\000e\000n\000t\000a\000t\000i\000o\000n}{section.5.1}% 15
\BOOKMARK [3][-]{subsubsection.5.1.2.1}{\376\377\0005\000.\0001\000.\0002\000.\0001\000\040\000p\000o\000i\000n\000t\000s}{subsection.5.1.2}% 16
\BOOKMARK [1][-]{section.5.2}{\376\377\0005\000.\0002\000\040\000B\000e\000z\000i\000e\000r\000C\000u\000r\000v\000e\000I\000n\000s\000p\000e\000c\000t\000o\000r\000\040\000C\000l\000a\000s\000s\000\040\000R\000e\000f\000e\000r\000e\000n\000c\000e}{chapter.5}% 17
\BOOKMARK [2][-]{subsection.5.2.1}{\376\377\0005\000.\0002\000.\0001\000\040\000M\000e\000m\000b\000e\000r\000\040\000F\000u\000n\000c\000t\000i\000o\000n\000\040\000D\000o\000c\000u\000m\000e\000n\000t\000a\000t\000i\000o\000n}{section.5.2}% 18
\BOOKMARK [3][-]{subsubsection.5.2.1.1}{\376\377\0005\000.\0002\000.\0001\000.\0001\000\040\000O\000n\000S\000c\000e\000n\000e\000G\000U\000I\000\050\000\051}{subsection.5.2.1}% 19
\BOOKMARK [3][-]{subsubsection.5.2.1.2}{\376\377\0005\000.\0002\000.\0001\000.\0002\000\040\000S\000h\000o\000w\000D\000i\000r\000e\000c\000t\000i\000o\000n\000s\000\050\000\051}{subsection.5.2.1}% 20
\BOOKMARK [3][-]{subsubsection.5.2.1.3}{\376\377\0005\000.\0002\000.\0001\000.\0003\000\040\000S\000h\000o\000w\000P\000o\000i\000n\000t\000\050\000\051}{subsection.5.2.1}% 21
\BOOKMARK [2][-]{subsection.5.2.2}{\376\377\0005\000.\0002\000.\0002\000\040\000M\000e\000m\000b\000e\000r\000\040\000D\000a\000t\000a\000\040\000D\000o\000c\000u\000m\000e\000n\000t\000a\000t\000i\000o\000n}{section.5.2}% 22
\BOOKMARK [3][-]{subsubsection.5.2.2.1}{\376\377\0005\000.\0002\000.\0002\000.\0001\000\040\000c\000u\000r\000v\000e}{subsection.5.2.2}% 23
\BOOKMARK [3][-]{subsubsection.5.2.2.2}{\376\377\0005\000.\0002\000.\0002\000.\0002\000\040\000d\000i\000r\000e\000c\000t\000i\000o\000n\000S\000c\000a\000l\000e}{subsection.5.2.2}% 24
\BOOKMARK [3][-]{subsubsection.5.2.2.3}{\376\377\0005\000.\0002\000.\0002\000.\0003\000\040\000h\000a\000n\000d\000l\000e\000R\000o\000t\000a\000t\000i\000o\000n}{subsection.5.2.2}% 25
\BOOKMARK [3][-]{subsubsection.5.2.2.4}{\376\377\0005\000.\0002\000.\0002\000.\0004\000\040\000h\000a\000n\000d\000l\000e\000T\000r\000a\000n\000s\000f\000o\000r\000m}{subsection.5.2.2}% 26
\BOOKMARK [3][-]{subsubsection.5.2.2.5}{\376\377\0005\000.\0002\000.\0002\000.\0005\000\040\000l\000i\000n\000e\000S\000t\000e\000p\000s}{subsection.5.2.2}% 27
\BOOKMARK [1][-]{section.5.3}{\376\377\0005\000.\0003\000\040\000B\000e\000z\000i\000e\000r\000S\000p\000l\000i\000n\000e\000\040\000C\000l\000a\000s\000s\000\040\000R\000e\000f\000e\000r\000e\000n\000c\000e}{chapter.5}% 28
\BOOKMARK [2][-]{subsection.5.3.1}{\376\377\0005\000.\0003\000.\0001\000\040\000M\000e\000m\000b\000e\000r\000\040\000F\000u\000n\000c\000t\000i\000o\000n\000\040\000D\000o\000c\000u\000m\000e\000n\000t\000a\000t\000i\000o\000n}{section.5.3}% 29
\BOOKMARK [3][-]{subsubsection.5.3.1.1}{\376\377\0005\000.\0003\000.\0001\000.\0001\000\040\000A\000d\000d\000C\000u\000r\000v\000e\000\050\000\051}{subsection.5.3.1}% 30
\BOOKMARK [3][-]{subsubsection.5.3.1.2}{\376\377\0005\000.\0003\000.\0001\000.\0002\000\040\000E\000n\000f\000o\000r\000c\000e\000M\000o\000d\000e\000\050\000\051}{subsection.5.3.1}% 31
\BOOKMARK [3][-]{subsubsection.5.3.1.3}{\376\377\0005\000.\0003\000.\0001\000.\0003\000\040\000G\000e\000t\000C\000o\000n\000t\000r\000o\000l\000P\000o\000i\000n\000t\000\050\000\051}{subsection.5.3.1}% 32
\BOOKMARK [3][-]{subsubsection.5.3.1.4}{\376\377\0005\000.\0003\000.\0001\000.\0004\000\040\000G\000e\000t\000C\000o\000n\000t\000r\000o\000l\000P\000o\000i\000n\000t\000M\000o\000d\000e\000\050\000\051}{subsection.5.3.1}% 33
\BOOKMARK [3][-]{subsubsection.5.3.1.5}{\376\377\0005\000.\0003\000.\0001\000.\0005\000\040\000G\000e\000t\000D\000i\000r\000e\000c\000t\000i\000o\000n\000\050\000\051}{subsection.5.3.1}% 34
\BOOKMARK [3][-]{subsubsection.5.3.1.6}{\376\377\0005\000.\0003\000.\0001\000.\0006\000\040\000G\000e\000t\000P\000o\000i\000n\000t\000\050\000\051}{subsection.5.3.1}% 35
\BOOKMARK [3][-]{subsubsection.5.3.1.7}{\376\377\0005\000.\0003\000.\0001\000.\0007\000\040\000G\000e\000t\000V\000e\000l\000o\000c\000i\000t\000y\000\050\000\051}{subsection.5.3.1}% 36
\BOOKMARK [3][-]{subsubsection.5.3.1.8}{\376\377\0005\000.\0003\000.\0001\000.\0008\000\040\000R\000e\000s\000e\000t\000\050\000\051}{subsection.5.3.1}% 37
\BOOKMARK [3][-]{subsubsection.5.3.1.9}{\376\377\0005\000.\0003\000.\0001\000.\0009\000\040\000S\000e\000t\000C\000o\000n\000t\000r\000o\000l\000P\000o\000i\000n\000t\000\050\000\051}{subsection.5.3.1}% 38
\BOOKMARK [3][-]{subsubsection.5.3.1.10}{\376\377\0005\000.\0003\000.\0001\000.\0001\0000\000\040\000S\000e\000t\000C\000o\000n\000t\000r\000o\000l\000P\000o\000i\000n\000t\000M\000o\000d\000e\000\050\000\051}{subsection.5.3.1}% 39
\BOOKMARK [2][-]{subsection.5.3.2}{\376\377\0005\000.\0003\000.\0002\000\040\000M\000e\000m\000b\000e\000r\000\040\000D\000a\000t\000a\000\040\000D\000o\000c\000u\000m\000e\000n\000t\000a\000t\000i\000o\000n}{section.5.3}% 40
\BOOKMARK [3][-]{subsubsection.5.3.2.1}{\376\377\0005\000.\0003\000.\0002\000.\0001\000\040\000l\000o\000o\000p}{subsection.5.3.2}% 41
\BOOKMARK [3][-]{subsubsection.5.3.2.2}{\376\377\0005\000.\0003\000.\0002\000.\0002\000\040\000m\000o\000d\000e\000s}{subsection.5.3.2}% 42
\BOOKMARK [3][-]{subsubsection.5.3.2.3}{\376\377\0005\000.\0003\000.\0002\000.\0003\000\040\000p\000o\000i\000n\000t\000s}{subsection.5.3.2}% 43
\BOOKMARK [2][-]{subsection.5.3.3}{\376\377\0005\000.\0003\000.\0003\000\040\000P\000r\000o\000p\000e\000r\000t\000y\000\040\000D\000o\000c\000u\000m\000e\000n\000t\000a\000t\000i\000o\000n}{section.5.3}% 44
\BOOKMARK [3][-]{subsubsection.5.3.3.1}{\376\377\0005\000.\0003\000.\0003\000.\0001\000\040\000C\000o\000n\000t\000r\000o\000l\000P\000o\000i\000n\000t\000C\000o\000u\000n\000t}{subsection.5.3.3}% 45
\BOOKMARK [3][-]{subsubsection.5.3.3.2}{\376\377\0005\000.\0003\000.\0003\000.\0002\000\040\000C\000u\000r\000v\000e\000C\000o\000u\000n\000t}{subsection.5.3.3}% 46
\BOOKMARK [3][-]{subsubsection.5.3.3.3}{\376\377\0005\000.\0003\000.\0003\000.\0003\000\040\000L\000o\000o\000p}{subsection.5.3.3}% 47
\BOOKMARK [1][-]{section.5.4}{\376\377\0005\000.\0004\000\040\000B\000e\000z\000i\000e\000r\000S\000p\000l\000i\000n\000e\000I\000n\000s\000p\000e\000c\000t\000o\000r\000\040\000C\000l\000a\000s\000s\000\040\000R\000e\000f\000e\000r\000e\000n\000c\000e}{chapter.5}% 48
\BOOKMARK [2][-]{subsection.5.4.1}{\376\377\0005\000.\0004\000.\0001\000\040\000M\000e\000m\000b\000e\000r\000\040\000F\000u\000n\000c\000t\000i\000o\000n\000\040\000D\000o\000c\000u\000m\000e\000n\000t\000a\000t\000i\000o\000n}{section.5.4}% 49
\BOOKMARK [3][-]{subsubsection.5.4.1.1}{\376\377\0005\000.\0004\000.\0001\000.\0001\000\040\000D\000r\000a\000w\000S\000e\000l\000e\000c\000t\000e\000d\000P\000o\000i\000n\000t\000I\000n\000s\000p\000e\000c\000t\000o\000r\000\050\000\051}{subsection.5.4.1}% 50
\BOOKMARK [3][-]{subsubsection.5.4.1.2}{\376\377\0005\000.\0004\000.\0001\000.\0002\000\040\000O\000n\000I\000n\000s\000p\000e\000c\000t\000o\000r\000G\000U\000I\000\050\000\051}{subsection.5.4.1}% 51
\BOOKMARK [3][-]{subsubsection.5.4.1.3}{\376\377\0005\000.\0004\000.\0001\000.\0003\000\040\000O\000n\000S\000c\000e\000n\000e\000G\000U\000I\000\050\000\051}{subsection.5.4.1}% 52
\BOOKMARK [3][-]{subsubsection.5.4.1.4}{\376\377\0005\000.\0004\000.\0001\000.\0004\000\040\000S\000h\000o\000w\000D\000i\000r\000e\000c\000t\000i\000o\000n\000s\000\050\000\051}{subsection.5.4.1}% 53
\BOOKMARK [3][-]{subsubsection.5.4.1.5}{\376\377\0005\000.\0004\000.\0001\000.\0005\000\040\000S\000h\000o\000w\000P\000o\000i\000n\000t\000\050\000\051}{subsection.5.4.1}% 54
\BOOKMARK [2][-]{subsection.5.4.2}{\376\377\0005\000.\0004\000.\0002\000\040\000M\000e\000m\000b\000e\000r\000\040\000D\000a\000t\000a\000\040\000D\000o\000c\000u\000m\000e\000n\000t\000a\000t\000i\000o\000n}{section.5.4}% 55
\BOOKMARK [3][-]{subsubsection.5.4.2.1}{\376\377\0005\000.\0004\000.\0002\000.\0001\000\040\000d\000i\000r\000e\000c\000t\000i\000o\000n\000S\000c\000a\000l\000e}{subsection.5.4.2}% 56
\BOOKMARK [3][-]{subsubsection.5.4.2.2}{\376\377\0005\000.\0004\000.\0002\000.\0002\000\040\000h\000a\000n\000d\000l\000e\000R\000o\000t\000a\000t\000i\000o\000n}{subsection.5.4.2}% 57
\BOOKMARK [3][-]{subsubsection.5.4.2.3}{\376\377\0005\000.\0004\000.\0002\000.\0003\000\040\000h\000a\000n\000d\000l\000e\000S\000i\000z\000e}{subsection.5.4.2}% 58
\BOOKMARK [3][-]{subsubsection.5.4.2.4}{\376\377\0005\000.\0004\000.\0002\000.\0004\000\040\000h\000a\000n\000d\000l\000e\000T\000r\000a\000n\000s\000f\000o\000r\000m}{subsection.5.4.2}% 59
\BOOKMARK [3][-]{subsubsection.5.4.2.5}{\376\377\0005\000.\0004\000.\0002\000.\0005\000\040\000l\000i\000n\000e\000S\000t\000e\000p\000s}{subsection.5.4.2}% 60
\BOOKMARK [3][-]{subsubsection.5.4.2.6}{\376\377\0005\000.\0004\000.\0002\000.\0006\000\040\000m\000o\000d\000e\000C\000o\000l\000o\000r\000s}{subsection.5.4.2}% 61
\BOOKMARK [3][-]{subsubsection.5.4.2.7}{\376\377\0005\000.\0004\000.\0002\000.\0007\000\040\000p\000i\000c\000k\000S\000i\000z\000e}{subsection.5.4.2}% 62
\BOOKMARK [3][-]{subsubsection.5.4.2.8}{\376\377\0005\000.\0004\000.\0002\000.\0008\000\040\000s\000e\000l\000e\000c\000t\000e\000d\000I\000n\000d\000e\000x}{subsection.5.4.2}% 63
\BOOKMARK [3][-]{subsubsection.5.4.2.9}{\376\377\0005\000.\0004\000.\0002\000.\0009\000\040\000s\000p\000l\000i\000n\000e}{subsection.5.4.2}% 64
\BOOKMARK [3][-]{subsubsection.5.4.2.10}{\376\377\0005\000.\0004\000.\0002\000.\0001\0000\000\040\000s\000t\000e\000p\000s\000P\000e\000r\000C\000u\000r\000v\000e}{subsection.5.4.2}% 65
\BOOKMARK [1][-]{section.5.5}{\376\377\0005\000.\0005\000\040\000e\000a\000s\000y\000S\000p\000l\000i\000n\000e\000\040\000C\000l\000a\000s\000s\000\040\000R\000e\000f\000e\000r\000e\000n\000c\000e}{chapter.5}% 66
\BOOKMARK [2][-]{subsection.5.5.1}{\376\377\0005\000.\0005\000.\0001\000\040\000D\000e\000t\000a\000i\000l\000e\000d\000\040\000D\000e\000s\000c\000r\000i\000p\000t\000i\000o\000n}{section.5.5}% 67
\BOOKMARK [2][-]{subsection.5.5.2}{\376\377\0005\000.\0005\000.\0002\000\040\000M\000e\000m\000b\000e\000r\000\040\000F\000u\000n\000c\000t\000i\000o\000n\000\040\000D\000o\000c\000u\000m\000e\000n\000t\000a\000t\000i\000o\000n}{section.5.5}% 68
\BOOKMARK [3][-]{subsubsection.5.5.2.1}{\376\377\0005\000.\0005\000.\0002\000.\0001\000\040\000S\000t\000a\000r\000t\000\050\000\051}{subsection.5.5.2}% 69
\BOOKMARK [2][-]{subsection.5.5.3}{\376\377\0005\000.\0005\000.\0003\000\040\000M\000e\000m\000b\000e\000r\000\040\000D\000a\000t\000a\000\040\000D\000o\000c\000u\000m\000e\000n\000t\000a\000t\000i\000o\000n}{section.5.5}% 70
\BOOKMARK [3][-]{subsubsection.5.5.3.1}{\376\377\0005\000.\0005\000.\0003\000.\0001\000\040\000b\000o\000r\000d\000e\000r\000s\000F\000a\000c\000t\000o\000r\000X}{subsection.5.5.3}% 71
\BOOKMARK [3][-]{subsubsection.5.5.3.2}{\376\377\0005\000.\0005\000.\0003\000.\0002\000\040\000b\000o\000r\000d\000e\000r\000s\000F\000a\000c\000t\000o\000r\000Z}{subsection.5.5.3}% 72
\BOOKMARK [3][-]{subsubsection.5.5.3.3}{\376\377\0005\000.\0005\000.\0003\000.\0003\000\040\000l\000e\000n\000g\000t\000h\000S\000p\000l\000i\000n\000e\000X}{subsection.5.5.3}% 73
\BOOKMARK [3][-]{subsubsection.5.5.3.4}{\376\377\0005\000.\0005\000.\0003\000.\0004\000\040\000l\000e\000n\000g\000t\000h\000S\000p\000l\000i\000n\000e\000Z}{subsection.5.5.3}% 74
\BOOKMARK [3][-]{subsubsection.5.5.3.5}{\376\377\0005\000.\0005\000.\0003\000.\0005\000\040\000x}{subsection.5.5.3}% 75
\BOOKMARK [3][-]{subsubsection.5.5.3.6}{\376\377\0005\000.\0005\000.\0003\000.\0006\000\040\000z}{subsection.5.5.3}% 76
\BOOKMARK [1][-]{section.5.6}{\376\377\0005\000.\0006\000\040\000i\000n\000f\000o\000r\000m\000a\000t\000i\000o\000n\000s\000\040\000C\000l\000a\000s\000s\000\040\000R\000e\000f\000e\000r\000e\000n\000c\000e}{chapter.5}% 77
\BOOKMARK [2][-]{subsection.5.6.1}{\376\377\0005\000.\0006\000.\0001\000\040\000D\000e\000t\000a\000i\000l\000e\000d\000\040\000D\000e\000s\000c\000r\000i\000p\000t\000i\000o\000n}{section.5.6}% 78
\BOOKMARK [2][-]{subsection.5.6.2}{\376\377\0005\000.\0006\000.\0002\000\040\000M\000e\000m\000b\000e\000r\000\040\000F\000u\000n\000c\000t\000i\000o\000n\000\040\000D\000o\000c\000u\000m\000e\000n\000t\000a\000t\000i\000o\000n}{section.5.6}% 79
\BOOKMARK [3][-]{subsubsection.5.6.2.1}{\376\377\0005\000.\0006\000.\0002\000.\0001\000\040\000F\000i\000x\000e\000d\000U\000p\000d\000a\000t\000e\000\050\000\051}{subsection.5.6.2}% 80
\BOOKMARK [3][-]{subsubsection.5.6.2.2}{\376\377\0005\000.\0006\000.\0002\000.\0002\000\040\000S\000t\000a\000r\000t\000\050\000\051}{subsection.5.6.2}% 81
\BOOKMARK [3][-]{subsubsection.5.6.2.3}{\376\377\0005\000.\0006\000.\0002\000.\0003\000\040\000u\000p\000d\000a\000t\000e\000T\000e\000x\000t\000\050\000\051}{subsection.5.6.2}% 82
\BOOKMARK [2][-]{subsection.5.6.3}{\376\377\0005\000.\0006\000.\0003\000\040\000M\000e\000m\000b\000e\000r\000\040\000D\000a\000t\000a\000\040\000D\000o\000c\000u\000m\000e\000n\000t\000a\000t\000i\000o\000n}{section.5.6}% 83
\BOOKMARK [3][-]{subsubsection.5.6.3.1}{\376\377\0005\000.\0006\000.\0003\000.\0001\000\040\000s\000a\000m\000p\000l\000i\000n\000g\000P\000e\000r\000i\000o\000d}{subsection.5.6.3}% 84
\BOOKMARK [3][-]{subsubsection.5.6.3.2}{\376\377\0005\000.\0006\000.\0003\000.\0002\000\040\000t\000i\000m\000e\000S\000t\000a\000r\000t\000S\000a\000m\000p\000l\000i\000n\000g}{subsection.5.6.3}% 85
\BOOKMARK [1][-]{section.5.7}{\376\377\0005\000.\0007\000\040\000L\000i\000n\000e\000\040\000C\000l\000a\000s\000s\000\040\000R\000e\000f\000e\000r\000e\000n\000c\000e}{chapter.5}% 86
\BOOKMARK [2][-]{subsection.5.7.1}{\376\377\0005\000.\0007\000.\0001\000\040\000M\000e\000m\000b\000e\000r\000\040\000D\000a\000t\000a\000\040\000D\000o\000c\000u\000m\000e\000n\000t\000a\000t\000i\000o\000n}{section.5.7}% 87
\BOOKMARK [3][-]{subsubsection.5.7.1.1}{\376\377\0005\000.\0007\000.\0001\000.\0001\000\040\000p\0000}{subsection.5.7.1}% 88
\BOOKMARK [3][-]{subsubsection.5.7.1.2}{\376\377\0005\000.\0007\000.\0001\000.\0002\000\040\000p\0001}{subsection.5.7.1}% 89
\BOOKMARK [1][-]{section.5.8}{\376\377\0005\000.\0008\000\040\000L\000i\000n\000e\000I\000n\000s\000p\000e\000c\000t\000o\000r\000\040\000C\000l\000a\000s\000s\000\040\000R\000e\000f\000e\000r\000e\000n\000c\000e}{chapter.5}% 90
\BOOKMARK [2][-]{subsection.5.8.1}{\376\377\0005\000.\0008\000.\0001\000\040\000M\000e\000m\000b\000e\000r\000\040\000F\000u\000n\000c\000t\000i\000o\000n\000\040\000D\000o\000c\000u\000m\000e\000n\000t\000a\000t\000i\000o\000n}{section.5.8}% 91
\BOOKMARK [3][-]{subsubsection.5.8.1.1}{\376\377\0005\000.\0008\000.\0001\000.\0001\000\040\000O\000n\000S\000c\000e\000n\000e\000G\000U\000I\000\050\000\051}{subsection.5.8.1}% 92
\BOOKMARK [1][-]{section.5.9}{\376\377\0005\000.\0009\000\040\000m\000o\000n\000i\000t\000o\000r\000i\000n\000g\000\040\000C\000l\000a\000s\000s\000\040\000R\000e\000f\000e\000r\000e\000n\000c\000e}{chapter.5}% 93
\BOOKMARK [2][-]{subsection.5.9.1}{\376\377\0005\000.\0009\000.\0001\000\040\000D\000e\000t\000a\000i\000l\000e\000d\000\040\000D\000e\000s\000c\000r\000i\000p\000t\000i\000o\000n}{section.5.9}% 94
\BOOKMARK [2][-]{subsection.5.9.2}{\376\377\0005\000.\0009\000.\0002\000\040\000M\000e\000m\000b\000e\000r\000\040\000F\000u\000n\000c\000t\000i\000o\000n\000\040\000D\000o\000c\000u\000m\000e\000n\000t\000a\000t\000i\000o\000n}{section.5.9}% 95
\BOOKMARK [3][-]{subsubsection.5.9.2.1}{\376\377\0005\000.\0009\000.\0002\000.\0001\000\040\000a\000r\000r\000a\000y\000S\000h\000i\000f\000t\000R\000i\000g\000h\000t\000<\000\040\000T\000\040\000>\000\050\000\051}{subsection.5.9.2}% 96
\BOOKMARK [3][-]{subsubsection.5.9.2.2}{\376\377\0005\000.\0009\000.\0002\000.\0002\000\040\000a\000v\000e\000r\000a\000g\000e\000\050\000\051\000\040\000[\0001\000/\0002\000]}{subsection.5.9.2}% 97
\BOOKMARK [3][-]{subsubsection.5.9.2.3}{\376\377\0005\000.\0009\000.\0002\000.\0003\000\040\000a\000v\000e\000r\000a\000g\000e\000\050\000\051\000\040\000[\0002\000/\0002\000]}{subsection.5.9.2}% 98
\BOOKMARK [3][-]{subsubsection.5.9.2.4}{\376\377\0005\000.\0009\000.\0002\000.\0004\000\040\000F\000i\000x\000e\000d\000U\000p\000d\000a\000t\000e\000\050\000\051}{subsection.5.9.2}% 99
\BOOKMARK [3][-]{subsubsection.5.9.2.5}{\376\377\0005\000.\0009\000.\0002\000.\0005\000\040\000S\000t\000a\000r\000t\000\050\000\051}{subsection.5.9.2}% 100
\BOOKMARK [2][-]{subsection.5.9.3}{\376\377\0005\000.\0009\000.\0003\000\040\000M\000e\000m\000b\000e\000r\000\040\000D\000a\000t\000a\000\040\000D\000o\000c\000u\000m\000e\000n\000t\000a\000t\000i\000o\000n}{section.5.9}% 101
\BOOKMARK [3][-]{subsubsection.5.9.3.1}{\376\377\0005\000.\0009\000.\0003\000.\0001\000\040\000a\000c\000c\000e\000l\000e\000r\000a\000t\000i\000o\000n\000B\000u\000s\000A\000r\000r}{subsection.5.9.3}% 102
\BOOKMARK [3][-]{subsubsection.5.9.3.2}{\376\377\0005\000.\0009\000.\0003\000.\0002\000\040\000a\000c\000c\000e\000l\000e\000r\000a\000t\000i\000o\000n\000C\000a\000r\000A\000r\000r}{subsection.5.9.3}% 103
\BOOKMARK [3][-]{subsubsection.5.9.3.3}{\376\377\0005\000.\0009\000.\0003\000.\0003\000\040\000a\000r\000r\000a\000y\000D\000e\000l\000t\000a\000T\000i\000m\000e}{subsection.5.9.3}% 104
\BOOKMARK [3][-]{subsubsection.5.9.3.4}{\376\377\0005\000.\0009\000.\0003\000.\0004\000\040\000i\000n\000d\000e\000x\000S\000a\000m\000p\000l\000i\000n\000g}{subsection.5.9.3}% 105
\BOOKMARK [3][-]{subsubsection.5.9.3.5}{\376\377\0005\000.\0009\000.\0003\000.\0005\000\040\000i\000n\000t\000e\000r\000D\000i\000s\000t\000a\000n\000c\000e\000A\000r\000r}{subsection.5.9.3}% 106
\BOOKMARK [3][-]{subsubsection.5.9.3.6}{\376\377\0005\000.\0009\000.\0003\000.\0006\000\040\000n\000b\000D\000a\000t\000a\000M\000a\000x}{subsection.5.9.3}% 107
\BOOKMARK [3][-]{subsubsection.5.9.3.7}{\376\377\0005\000.\0009\000.\0003\000.\0007\000\040\000p\000o\000s\000B\000u\000s}{subsection.5.9.3}% 108
\BOOKMARK [3][-]{subsubsection.5.9.3.8}{\376\377\0005\000.\0009\000.\0003\000.\0008\000\040\000p\000o\000s\000C\000a\000r}{subsection.5.9.3}% 109
\BOOKMARK [3][-]{subsubsection.5.9.3.9}{\376\377\0005\000.\0009\000.\0003\000.\0009\000\040\000s\000a\000m\000p\000l\000i\000n\000g\000P\000e\000r\000i\000o\000d}{subsection.5.9.3}% 110
\BOOKMARK [3][-]{subsubsection.5.9.3.10}{\376\377\0005\000.\0009\000.\0003\000.\0001\0000\000\040\000t\000i\000m\000e\000S\000t\000a\000r\000t\000S\000a\000m\000p\000l\000i\000n\000g}{subsection.5.9.3}% 111
\BOOKMARK [3][-]{subsubsection.5.9.3.11}{\376\377\0005\000.\0009\000.\0003\000.\0001\0001\000\040\000v\000e\000l\000o\000c\000i\000t\000y\000B\000u\000s\000A\000r\000r}{subsection.5.9.3}% 112
\BOOKMARK [3][-]{subsubsection.5.9.3.12}{\376\377\0005\000.\0009\000.\0003\000.\0001\0002\000\040\000v\000e\000l\000o\000c\000i\000t\000y\000C\000a\000r\000A\000r\000r}{subsection.5.9.3}% 113
\BOOKMARK [2][-]{subsection.5.9.4}{\376\377\0005\000.\0009\000.\0004\000\040\000P\000r\000o\000p\000e\000r\000t\000y\000\040\000D\000o\000c\000u\000m\000e\000n\000t\000a\000t\000i\000o\000n}{section.5.9}% 114
\BOOKMARK [3][-]{subsubsection.5.9.4.1}{\376\377\0005\000.\0009\000.\0004\000.\0001\000\040\000a\000c\000c\000e\000l\000e\000r\000a\000t\000i\000o\000n\000B\000u\000s}{subsection.5.9.4}% 115
\BOOKMARK [3][-]{subsubsection.5.9.4.2}{\376\377\0005\000.\0009\000.\0004\000.\0002\000\040\000a\000c\000c\000e\000l\000e\000r\000a\000t\000i\000o\000n\000C\000a\000r}{subsection.5.9.4}% 116
\BOOKMARK [3][-]{subsubsection.5.9.4.3}{\376\377\0005\000.\0009\000.\0004\000.\0003\000\040\000i\000n\000t\000e\000r\000D\000i\000s\000t\000a\000n\000c\000e}{subsection.5.9.4}% 117
\BOOKMARK [3][-]{subsubsection.5.9.4.4}{\376\377\0005\000.\0009\000.\0004\000.\0004\000\040\000v\000e\000l\000o\000c\000i\000t\000y\000B\000u\000s}{subsection.5.9.4}% 118
\BOOKMARK [3][-]{subsubsection.5.9.4.5}{\376\377\0005\000.\0009\000.\0004\000.\0005\000\040\000v\000e\000l\000o\000c\000i\000t\000y\000C\000a\000r}{subsection.5.9.4}% 119
\BOOKMARK [1][-]{section.5.10}{\376\377\0005\000.\0001\0000\000\040\000S\000p\000l\000i\000n\000e\000W\000a\000l\000k\000e\000r\000\040\000C\000l\000a\000s\000s\000\040\000R\000e\000f\000e\000r\000e\000n\000c\000e}{chapter.5}% 120
\BOOKMARK [2][-]{subsection.5.10.1}{\376\377\0005\000.\0001\0000\000.\0001\000\040\000D\000e\000t\000a\000i\000l\000e\000d\000\040\000D\000e\000s\000c\000r\000i\000p\000t\000i\000o\000n}{section.5.10}% 121
\BOOKMARK [2][-]{subsection.5.10.2}{\376\377\0005\000.\0001\0000\000.\0002\000\040\000M\000e\000m\000b\000e\000r\000\040\000F\000u\000n\000c\000t\000i\000o\000n\000\040\000D\000o\000c\000u\000m\000e\000n\000t\000a\000t\000i\000o\000n}{section.5.10}% 122
\BOOKMARK [3][-]{subsubsection.5.10.2.1}{\376\377\0005\000.\0001\0000\000.\0002\000.\0001\000\040\000f\000i\000n\000d\000N\000e\000a\000r\000e\000s\000t\000P\000o\000i\000n\000t\000I\000n\000S\000p\000l\000i\000n\000e\000\050\000\051}{subsection.5.10.2}% 123
\BOOKMARK [3][-]{subsubsection.5.10.2.2}{\376\377\0005\000.\0001\0000\000.\0002\000.\0002\000\040\000F\000i\000x\000e\000d\000U\000p\000d\000a\000t\000e\000\050\000\051}{subsection.5.10.2}% 124
\BOOKMARK [3][-]{subsubsection.5.10.2.3}{\376\377\0005\000.\0001\0000\000.\0002\000.\0003\000\040\000l\000o\000o\000k\000F\000o\000r\000w\000a\000r\000d\000\050\000\051}{subsection.5.10.2}% 125
\BOOKMARK [3][-]{subsubsection.5.10.2.4}{\376\377\0005\000.\0001\0000\000.\0002\000.\0004\000\040\000S\000t\000a\000r\000t\000\050\000\051}{subsection.5.10.2}% 126
\BOOKMARK [2][-]{subsection.5.10.3}{\376\377\0005\000.\0001\0000\000.\0003\000\040\000M\000e\000m\000b\000e\000r\000\040\000D\000a\000t\000a\000\040\000D\000o\000c\000u\000m\000e\000n\000t\000a\000t\000i\000o\000n}{section.5.10}% 127
\BOOKMARK [3][-]{subsubsection.5.10.3.1}{\376\377\0005\000.\0001\0000\000.\0003\000.\0001\000\040\000d\000i\000s\000t\000a\000n\000c\000e\000F\000o\000l\000l\000o\000w\000i\000n\000g}{subsection.5.10.3}% 128
\BOOKMARK [3][-]{subsubsection.5.10.3.2}{\376\377\0005\000.\0001\0000\000.\0003\000.\0002\000\040\000f\000o\000l\000l\000o\000w\000s\000G\000a\000m\000e\000O\000b\000j\000e\000c\000t}{subsection.5.10.3}% 129
\BOOKMARK [3][-]{subsubsection.5.10.3.3}{\376\377\0005\000.\0001\0000\000.\0003\000.\0003\000\040\000i\000s\000D\000r\000i\000v\000i\000n\000g}{subsection.5.10.3}% 130
\BOOKMARK [3][-]{subsubsection.5.10.3.4}{\376\377\0005\000.\0001\0000\000.\0003\000.\0004\000\040\000i\000s\000F\000o\000l\000l\000o\000w\000i\000n\000g}{subsection.5.10.3}% 131
\BOOKMARK [3][-]{subsubsection.5.10.3.5}{\376\377\0005\000.\0001\0000\000.\0003\000.\0005\000\040\000m\000\137\000C\000a\000r}{subsection.5.10.3}% 132
\BOOKMARK [3][-]{subsubsection.5.10.3.6}{\376\377\0005\000.\0001\0000\000.\0003\000.\0006\000\040\000s\000a\000m\000p\000l\000i\000n\000g}{subsection.5.10.3}% 133
\BOOKMARK [3][-]{subsubsection.5.10.3.7}{\376\377\0005\000.\0001\0000\000.\0003\000.\0007\000\040\000s\000p\000l\000i\000n\000e}{subsection.5.10.3}% 134
\BOOKMARK [3][-]{subsubsection.5.10.3.8}{\376\377\0005\000.\0001\0000\000.\0003\000.\0008\000\040\000v\000e\000l\000o\000c\000i\000t\000y}{subsection.5.10.3}% 135
\BOOKMARK [2][-]{subsection.5.10.4}{\376\377\0005\000.\0001\0000\000.\0004\000\040\000P\000r\000o\000p\000e\000r\000t\000y\000\040\000D\000o\000c\000u\000m\000e\000n\000t\000a\000t\000i\000o\000n}{section.5.10}% 136
\BOOKMARK [3][-]{subsubsection.5.10.4.1}{\376\377\0005\000.\0001\0000\000.\0004\000.\0001\000\040\000p\000r\000o\000g\000r\000e\000s\000s}{subsection.5.10.4}% 137
\BOOKMARK [1][-]{section.5.11}{\376\377\0005\000.\0001\0001\000\040\000S\000p\000l\000i\000n\000e\000W\000a\000l\000k\000e\000r\000I\000n\000s\000p\000e\000c\000t\000o\000r\000\040\000C\000l\000a\000s\000s\000\040\000R\000e\000f\000e\000r\000e\000n\000c\000e}{chapter.5}% 138
\BOOKMARK [2][-]{subsection.5.11.1}{\376\377\0005\000.\0001\0001\000.\0001\000\040\000D\000e\000t\000a\000i\000l\000e\000d\000\040\000D\000e\000s\000c\000r\000i\000p\000t\000i\000o\000n}{section.5.11}% 139
\BOOKMARK [2][-]{subsection.5.11.2}{\376\377\0005\000.\0001\0001\000.\0002\000\040\000M\000e\000m\000b\000e\000r\000\040\000F\000u\000n\000c\000t\000i\000o\000n\000\040\000D\000o\000c\000u\000m\000e\000n\000t\000a\000t\000i\000o\000n}{section.5.11}% 140
\BOOKMARK [3][-]{subsubsection.5.11.2.1}{\376\377\0005\000.\0001\0001\000.\0002\000.\0001\000\040\000O\000n\000I\000n\000s\000p\000e\000c\000t\000o\000r\000G\000U\000I\000\050\000\051}{subsection.5.11.2}% 141
\BOOKMARK [2][-]{subsection.5.11.3}{\376\377\0005\000.\0001\0001\000.\0003\000\040\000M\000e\000m\000b\000e\000r\000\040\000D\000a\000t\000a\000\040\000D\000o\000c\000u\000m\000e\000n\000t\000a\000t\000i\000o\000n}{section.5.11}% 142
\BOOKMARK [3][-]{subsubsection.5.11.3.1}{\376\377\0005\000.\0001\0001\000.\0003\000.\0001\000\040\000s\000p\000l\000i\000n\000e\000W\000a\000l\000k\000e\000r}{subsection.5.11.3}% 143
\BOOKMARK [0][-]{chapter.6}{\376\377\0006\000\040\000F\000i\000l\000e\000\040\000D\000o\000c\000u\000m\000e\000n\000t\000a\000t\000i\000o\000n}{}% 144
\BOOKMARK [1][-]{section.6.1}{\376\377\0006\000.\0001\000\040\000/\000r\000o\000o\000t\000/\000D\000o\000c\000u\000m\000e\000n\000t\000s\000/\000U\000n\000i\000t\000y\000\137\000S\000T\0004\0000\000/\000S\000u\000r\000a\000t\000r\000a\000m\000\137\000m\000i\000x\000e\000d\000R\000e\000a\000l\000i\000t\000y\000S\000i\000m\000u\000l\000a\000t\000o\000r\000/\000A\000s\000s\000e\000t\000s\000/\000S\000c\000r\000i\000p\000t\000s\000/\000B\000e\000z\000i\000e\000r\000/\000B\000e\000z\000i\000e\000r\000.\000c\000s\000\040\000F\000i\000l\000e\000\040\000R\000e\000f\000e\000r\000e\000n\000c\000e}{chapter.6}% 145
\BOOKMARK [1][-]{section.6.2}{\376\377\0006\000.\0002\000\040\000/\000r\000o\000o\000t\000/\000D\000o\000c\000u\000m\000e\000n\000t\000s\000/\000U\000n\000i\000t\000y\000\137\000S\000T\0004\0000\000/\000S\000u\000r\000a\000t\000r\000a\000m\000\137\000m\000i\000x\000e\000d\000R\000e\000a\000l\000i\000t\000y\000S\000i\000m\000u\000l\000a\000t\000o\000r\000/\000A\000s\000s\000e\000t\000s\000/\000S\000c\000r\000i\000p\000t\000s\000/\000B\000e\000z\000i\000e\000r\000/\000B\000e\000z\000i\000e\000r\000C\000o\000n\000t\000r\000o\000l\000P\000o\000i\000n\000t\000M\000o\000d\000e\000.\000c\000s\000\040\000F\000i\000l\000e\000\040\000R\000e\000f\000e\000r\000e\000n\000c\000e}{chapter.6}% 146
\BOOKMARK [2][-]{subsection.6.2.1}{\376\377\0006\000.\0002\000.\0001\000\040\000E\000n\000u\000m\000e\000r\000a\000t\000i\000o\000n\000\040\000T\000y\000p\000e\000\040\000D\000o\000c\000u\000m\000e\000n\000t\000a\000t\000i\000o\000n}{section.6.2}% 147
\BOOKMARK [3][-]{subsubsection.6.2.1.1}{\376\377\0006\000.\0002\000.\0001\000.\0001\000\040\000B\000e\000z\000i\000e\000r\000C\000o\000n\000t\000r\000o\000l\000P\000o\000i\000n\000t\000M\000o\000d\000e}{subsection.6.2.1}% 148
\BOOKMARK [1][-]{section.6.3}{\376\377\0006\000.\0003\000\040\000/\000r\000o\000o\000t\000/\000D\000o\000c\000u\000m\000e\000n\000t\000s\000/\000U\000n\000i\000t\000y\000\137\000S\000T\0004\0000\000/\000S\000u\000r\000a\000t\000r\000a\000m\000\137\000m\000i\000x\000e\000d\000R\000e\000a\000l\000i\000t\000y\000S\000i\000m\000u\000l\000a\000t\000o\000r\000/\000A\000s\000s\000e\000t\000s\000/\000S\000c\000r\000i\000p\000t\000s\000/\000B\000e\000z\000i\000e\000r\000/\000B\000e\000z\000i\000e\000r\000C\000u\000r\000v\000e\000.\000c\000s\000\040\000F\000i\000l\000e\000\040\000R\000e\000f\000e\000r\000e\000n\000c\000e}{chapter.6}% 149
\BOOKMARK [1][-]{section.6.4}{\376\377\0006\000.\0004\000\040\000/\000r\000o\000o\000t\000/\000D\000o\000c\000u\000m\000e\000n\000t\000s\000/\000U\000n\000i\000t\000y\000\137\000S\000T\0004\0000\000/\000S\000u\000r\000a\000t\000r\000a\000m\000\137\000m\000i\000x\000e\000d\000R\000e\000a\000l\000i\000t\000y\000S\000i\000m\000u\000l\000a\000t\000o\000r\000/\000A\000s\000s\000e\000t\000s\000/\000S\000c\000r\000i\000p\000t\000s\000/\000B\000e\000z\000i\000e\000r\000/\000B\000e\000z\000i\000e\000r\000S\000p\000l\000i\000n\000e\000.\000c\000s\000\040\000F\000i\000l\000e\000\040\000R\000e\000f\000e\000r\000e\000n\000c\000e}{chapter.6}% 150
\BOOKMARK [1][-]{section.6.5}{\376\377\0006\000.\0005\000\040\000/\000r\000o\000o\000t\000/\000D\000o\000c\000u\000m\000e\000n\000t\000s\000/\000U\000n\000i\000t\000y\000\137\000S\000T\0004\0000\000/\000S\000u\000r\000a\000t\000r\000a\000m\000\137\000m\000i\000x\000e\000d\000R\000e\000a\000l\000i\000t\000y\000S\000i\000m\000u\000l\000a\000t\000o\000r\000/\000A\000s\000s\000e\000t\000s\000/\000S\000c\000r\000i\000p\000t\000s\000/\000B\000e\000z\000i\000e\000r\000/\000e\000a\000s\000y\000S\000p\000l\000i\000n\000e\000.\000c\000s\000\040\000F\000i\000l\000e\000\040\000R\000e\000f\000e\000r\000e\000n\000c\000e}{chapter.6}% 151
\BOOKMARK [1][-]{section.6.6}{\376\377\0006\000.\0006\000\040\000/\000r\000o\000o\000t\000/\000D\000o\000c\000u\000m\000e\000n\000t\000s\000/\000U\000n\000i\000t\000y\000\137\000S\000T\0004\0000\000/\000S\000u\000r\000a\000t\000r\000a\000m\000\137\000m\000i\000x\000e\000d\000R\000e\000a\000l\000i\000t\000y\000S\000i\000m\000u\000l\000a\000t\000o\000r\000/\000A\000s\000s\000e\000t\000s\000/\000S\000c\000r\000i\000p\000t\000s\000/\000B\000e\000z\000i\000e\000r\000/\000E\000d\000i\000t\000o\000r\000/\000B\000e\000z\000i\000e\000r\000C\000u\000r\000v\000e\000I\000n\000s\000p\000e\000c\000t\000o\000r\000.\000c\000s\000\040\000F\000i\000l\000e\000\040\000R\000e\000f\000e\000r\000e\000n\000c\000e}{chapter.6}% 152
\BOOKMARK [1][-]{section.6.7}{\376\377\0006\000.\0007\000\040\000/\000r\000o\000o\000t\000/\000D\000o\000c\000u\000m\000e\000n\000t\000s\000/\000U\000n\000i\000t\000y\000\137\000S\000T\0004\0000\000/\000S\000u\000r\000a\000t\000r\000a\000m\000\137\000m\000i\000x\000e\000d\000R\000e\000a\000l\000i\000t\000y\000S\000i\000m\000u\000l\000a\000t\000o\000r\000/\000A\000s\000s\000e\000t\000s\000/\000S\000c\000r\000i\000p\000t\000s\000/\000B\000e\000z\000i\000e\000r\000/\000E\000d\000i\000t\000o\000r\000/\000B\000e\000z\000i\000e\000r\000S\000p\000l\000i\000n\000e\000I\000n\000s\000p\000e\000c\000t\000o\000r\000.\000c\000s\000\040\000F\000i\000l\000e\000\040\000R\000e\000f\000e\000r\000e\000n\000c\000e}{chapter.6}% 153
\BOOKMARK [1][-]{section.6.8}{\376\377\0006\000.\0008\000\040\000/\000r\000o\000o\000t\000/\000D\000o\000c\000u\000m\000e\000n\000t\000s\000/\000U\000n\000i\000t\000y\000\137\000S\000T\0004\0000\000/\000S\000u\000r\000a\000t\000r\000a\000m\000\137\000m\000i\000x\000e\000d\000R\000e\000a\000l\000i\000t\000y\000S\000i\000m\000u\000l\000a\000t\000o\000r\000/\000A\000s\000s\000e\000t\000s\000/\000S\000c\000r\000i\000p\000t\000s\000/\000B\000e\000z\000i\000e\000r\000/\000E\000d\000i\000t\000o\000r\000/\000L\000i\000n\000e\000I\000n\000s\000p\000e\000c\000t\000o\000r\000.\000c\000s\000\040\000F\000i\000l\000e\000\040\000R\000e\000f\000e\000r\000e\000n\000c\000e}{chapter.6}% 154
\BOOKMARK [1][-]{section.6.9}{\376\377\0006\000.\0009\000\040\000/\000r\000o\000o\000t\000/\000D\000o\000c\000u\000m\000e\000n\000t\000s\000/\000U\000n\000i\000t\000y\000\137\000S\000T\0004\0000\000/\000S\000u\000r\000a\000t\000r\000a\000m\000\137\000m\000i\000x\000e\000d\000R\000e\000a\000l\000i\000t\000y\000S\000i\000m\000u\000l\000a\000t\000o\000r\000/\000A\000s\000s\000e\000t\000s\000/\000S\000c\000r\000i\000p\000t\000s\000/\000B\000e\000z\000i\000e\000r\000/\000E\000d\000i\000t\000o\000r\000/\000S\000p\000l\000i\000n\000e\000W\000a\000l\000k\000e\000r\000I\000n\000s\000p\000e\000c\000t\000o\000r\000.\000c\000s\000\040\000F\000i\000l\000e\000\040\000R\000e\000f\000e\000r\000e\000n\000c\000e}{chapter.6}% 155
\BOOKMARK [1][-]{section.6.10}{\376\377\0006\000.\0001\0000\000\040\000/\000r\000o\000o\000t\000/\000D\000o\000c\000u\000m\000e\000n\000t\000s\000/\000U\000n\000i\000t\000y\000\137\000S\000T\0004\0000\000/\000S\000u\000r\000a\000t\000r\000a\000m\000\137\000m\000i\000x\000e\000d\000R\000e\000a\000l\000i\000t\000y\000S\000i\000m\000u\000l\000a\000t\000o\000r\000/\000A\000s\000s\000e\000t\000s\000/\000S\000c\000r\000i\000p\000t\000s\000/\000B\000e\000z\000i\000e\000r\000/\000L\000i\000n\000e\000.\000c\000s\000\040\000F\000i\000l\000e\000\040\000R\000e\000f\000e\000r\000e\000n\000c\000e}{chapter.6}% 156
\BOOKMARK [1][-]{section.6.11}{\376\377\0006\000.\0001\0001\000\040\000/\000r\000o\000o\000t\000/\000D\000o\000c\000u\000m\000e\000n\000t\000s\000/\000U\000n\000i\000t\000y\000\137\000S\000T\0004\0000\000/\000S\000u\000r\000a\000t\000r\000a\000m\000\137\000m\000i\000x\000e\000d\000R\000e\000a\000l\000i\000t\000y\000S\000i\000m\000u\000l\000a\000t\000o\000r\000/\000A\000s\000s\000e\000t\000s\000/\000S\000c\000r\000i\000p\000t\000s\000/\000B\000e\000z\000i\000e\000r\000/\000S\000p\000l\000i\000n\000e\000W\000a\000l\000k\000e\000r\000.\000c\000s\000\040\000F\000i\000l\000e\000\040\000R\000e\000f\000e\000r\000e\000n\000c\000e}{chapter.6}% 157
\BOOKMARK [1][-]{section.6.12}{\376\377\0006\000.\0001\0002\000\040\000/\000r\000o\000o\000t\000/\000D\000o\000c\000u\000m\000e\000n\000t\000s\000/\000U\000n\000i\000t\000y\000\137\000S\000T\0004\0000\000/\000S\000u\000r\000a\000t\000r\000a\000m\000\137\000m\000i\000x\000e\000d\000R\000e\000a\000l\000i\000t\000y\000S\000i\000m\000u\000l\000a\000t\000o\000r\000/\000A\000s\000s\000e\000t\000s\000/\000S\000c\000r\000i\000p\000t\000s\000/\000m\000o\000n\000i\000t\000o\000r\000i\000n\000g\000.\000c\000s\000\040\000F\000i\000l\000e\000\040\000R\000e\000f\000e\000r\000e\000n\000c\000e}{chapter.6}% 158
\BOOKMARK [1][-]{section.6.13}{\376\377\0006\000.\0001\0003\000\040\000/\000r\000o\000o\000t\000/\000D\000o\000c\000u\000m\000e\000n\000t\000s\000/\000U\000n\000i\000t\000y\000\137\000S\000T\0004\0000\000/\000S\000u\000r\000a\000t\000r\000a\000m\000\137\000m\000i\000x\000e\000d\000R\000e\000a\000l\000i\000t\000y\000S\000i\000m\000u\000l\000a\000t\000o\000r\000/\000A\000s\000s\000e\000t\000s\000/\000S\000c\000r\000i\000p\000t\000s\000/\000U\000I\000/\000i\000n\000f\000o\000r\000m\000a\000t\000i\000o\000n\000s\000.\000c\000s\000\040\000F\000i\000l\000e\000\040\000R\000e\000f\000e\000r\000e\000n\000c\000e}{chapter.6}% 159
\BOOKMARK [1][-]{section.6.14}{\376\377\0006\000.\0001\0004\000\040\000m\000a\000i\000n\000p\000a\000g\000e\000.\000d\000o\000c\000\040\000F\000i\000l\000e\000\040\000R\000e\000f\000e\000r\000e\000n\000c\000e}{chapter.6}% 160
\BOOKMARK [0][-]{section*.70}{\376\377\000I\000n\000d\000e\000x}{}% 161
